%!Adobe-FontList 1.14
%Locale:0x409

%BeginFont
Handler:DirectoryHandler
FontType:TrueType
FontName:ArialMT
FamilyName:Arial
StyleName:Regular
MenuName:Arial
StyleBits:0
WeightClass:400
WidthClass:5
AngleClass:0
FullName:Arial
WritingScript:Roman
OutlineFileName:\Arial.ttf
DataFormat:sfntData
FileLength:774476
FileModTime:1274733357
%EndFont

%BeginFont
Handler:DirectoryHandler
FontType:TrueType
FontName:Comfortaa-Bold
FamilyName:Comfortaa
StyleName:Bold
MenuName:Comfortaa
StyleBits:2
WeightClass:700
WidthClass:5
AngleClass:0
FullName:Comfortaa Bold
WritingScript:Roman
OutlineFileName:\Comfortaa-Bold.ttf
DataFormat:sfntData
FileLength:203688
FileModTime:1368055188
%EndFont

%BeginFont
Handler:DirectoryHandler
FontType:Type1
FontName:MinionPro-Regular
FamilyName:Minion Pro
StyleName:Regular
MenuName:Minion Pro
StyleBits:0
WeightClass:400
WidthClass:5
AngleClass:0
FullName:Minion Pro
WritingScript:Roman
OutlineFileName:\MinionPro-Regular.otf
DataFormat:sfntData
UsesStandardEncoding:yes
isCFF:yes
FileLength:231312
FileModTime:1372334071
DesignSize:110
%EndFont

